C:\USERS\CAILIN\DESKTOP\WORKSPACE\STAMPREC\DEBUG\RECTTANGLE.EXE
C:\USERS\CAILIN\DESKTOP\WORKSPACE\STAMPREC\DEBUG\RECTTANGLE.ILK
C:\USERS\CAILIN\DESKTOP\WORKSPACE\STAMPREC\DEBUG\RECTTANGLE.PDB
C:\USERS\CAILIN\DESKTOP\WORKSPACE\STAMPREC\RECTTANGLE\DEBUG\CHECKRECT.OBJ
C:\Users\Cailin\Desktop\Workspace\StampRec\Recttangle\Debug\cl.command.1.tlog
C:\Users\Cailin\Desktop\Workspace\StampRec\Recttangle\Debug\CL.read.1.tlog
C:\Users\Cailin\Desktop\Workspace\StampRec\Recttangle\Debug\CL.write.1.tlog
C:\USERS\CAILIN\DESKTOP\WORKSPACE\STAMPREC\RECTTANGLE\DEBUG\FILEOPERATION.OBJ
C:\Users\Cailin\Desktop\Workspace\StampRec\Recttangle\Debug\link.11712.read.1.tlog
C:\Users\Cailin\Desktop\Workspace\StampRec\Recttangle\Debug\link.11712.write.1.tlog
C:\Users\Cailin\Desktop\Workspace\StampRec\Recttangle\Debug\link.11712-cvtres.read.1.tlog
C:\Users\Cailin\Desktop\Workspace\StampRec\Recttangle\Debug\link.11712-cvtres.write.1.tlog
C:\Users\Cailin\Desktop\Workspace\StampRec\Recttangle\Debug\link.12184.read.1.tlog
C:\Users\Cailin\Desktop\Workspace\StampRec\Recttangle\Debug\link.12184.write.1.tlog
C:\Users\Cailin\Desktop\Workspace\StampRec\Recttangle\Debug\link.12184-cvtres.read.1.tlog
C:\Users\Cailin\Desktop\Workspace\StampRec\Recttangle\Debug\link.12184-cvtres.write.1.tlog
C:\Users\Cailin\Desktop\Workspace\StampRec\Recttangle\Debug\link.command.1.tlog
C:\Users\Cailin\Desktop\Workspace\StampRec\Recttangle\Debug\link.read.1.tlog
C:\Users\Cailin\Desktop\Workspace\StampRec\Recttangle\Debug\link.write.1.tlog
C:\Users\Cailin\Desktop\Workspace\StampRec\Recttangle\Debug\link-cvtres.read.1.tlog
C:\Users\Cailin\Desktop\Workspace\StampRec\Recttangle\Debug\link-cvtres.write.1.tlog
C:\Users\Cailin\Desktop\Workspace\StampRec\Recttangle\Debug\mt.command.1.tlog
C:\Users\Cailin\Desktop\Workspace\StampRec\Recttangle\Debug\mt.read.1.tlog
C:\Users\Cailin\Desktop\Workspace\StampRec\Recttangle\Debug\mt.write.1.tlog
C:\USERS\CAILIN\DESKTOP\WORKSPACE\STAMPREC\RECTTANGLE\DEBUG\PLATE.OBJ
C:\Users\Cailin\Desktop\Workspace\StampRec\Recttangle\Debug\rc.command.1.tlog
C:\Users\Cailin\Desktop\Workspace\StampRec\Recttangle\Debug\rc.read.1.tlog
C:\Users\Cailin\Desktop\Workspace\StampRec\Recttangle\Debug\rc.write.1.tlog
C:\USERS\CAILIN\DESKTOP\WORKSPACE\STAMPREC\RECTTANGLE\DEBUG\RECTTANGLE.EXE.EMBED.MANIFEST
C:\USERS\CAILIN\DESKTOP\WORKSPACE\STAMPREC\RECTTANGLE\DEBUG\RECTTANGLE.EXE.EMBED.MANIFEST.RES
C:\USERS\CAILIN\DESKTOP\WORKSPACE\STAMPREC\RECTTANGLE\DEBUG\RECTTANGLE.EXE.INTERMEDIATE.MANIFEST
C:\USERS\CAILIN\DESKTOP\WORKSPACE\STAMPREC\RECTTANGLE\DEBUG\RECTTANGLE.OBJ
C:\USERS\CAILIN\DESKTOP\WORKSPACE\STAMPREC\RECTTANGLE\DEBUG\RECTTANGLE.PCH
C:\Users\Cailin\Desktop\Workspace\StampRec\Recttangle\Debug\Recttangle.vcxprojResolveAssemblyReference.cache
C:\Users\Cailin\Desktop\Workspace\StampRec\Recttangle\Debug\Recttangle.write.1.tlog
C:\Users\Cailin\Desktop\Workspace\StampRec\Recttangle\Debug\Recttangle_manifest.rc
C:\USERS\CAILIN\DESKTOP\WORKSPACE\STAMPREC\RECTTANGLE\DEBUG\STAMPRECT.OBJ
C:\USERS\CAILIN\DESKTOP\WORKSPACE\STAMPREC\RECTTANGLE\DEBUG\STDAFX.OBJ
C:\USERS\CAILIN\DESKTOP\WORKSPACE\STAMPREC\RECTTANGLE\DEBUG\TRAINSVM.OBJ
C:\Users\Cailin\Desktop\Workspace\StampRec\Recttangle\Debug\vc100.idb
C:\USERS\CAILIN\DESKTOP\WORKSPACE\STAMPREC\RECTTANGLE\DEBUG\VC100.PDB
